<?xml version="1.0" encoding="UTF-8"?>
<testsuite name="SILab2Test" tests="1" skipped="0" failures="0" errors="0" timestamp="2022-05-26T20:33:54" hostname="DESKTOP-7M48HVF" time="0.015">
  <properties/>
  <testcase name="testEveryPath()" classname="SILab2Test" time="0.015"/>
  <system-out><![CDATA[]]></system-out>
  <system-err><![CDATA[]]></system-err>
</testsuite>
